<?xml version="1.0" encoding="UTF-8"?>
<testng-results skipped="0" failed="0" ignored="0" total="1" passed="1">
  <reporter-output>
    <line>
      <![CDATA[<div style="display:block;margin-left:10px;"><div  class="pass"><span class="pass-label">P </span>
Expected: a string containing "What are you looking for?"
     Actual: was "What are you looking for?" <a href="../img/stepsFlow_1uckhvr89gtst11278.png" target="_blank">[View Screenshot]</a> </div><div  class="pass"><span class="pass-label">P </span>
Expected: a string containing "oats in Breakfast & Diet Foods"
     Actual: was "oats in Breakfast & Diet Foods" <a href="../img/stepsFlow_69jgnh7spiwl11279.png" target="_blank">[View Screenshot]</a> </div><div  class="pass"><span class="pass-label">P </span>
Expected: &lt;true&gt;
     Actual: was &lt;true&gt; <a href="../img/stepsFlow_1elg1cd1wggts11280.png" target="_blank">[View Screenshot]</a> </div><div  class="pass"><span class="pass-label">P </span>
Expected: a value greater than &lt;0&gt;
     Actual: &lt;4&gt; was greater than &lt;0&gt; <a href="../img/stepsFlow_wtqipia6in1b11281.png" target="_blank">[View Screenshot]</a> </div><div  class="info"><span class="info-label">I </span>ProductName is : Bagrry's Porridge Oats For Poha Pouch 200g (pack Of 2)</div><div  class="info"><span class="info-label">I </span>ProductPrice is : ₹100</div><div  class="info"><span class="info-label">I </span>ProductName is : Bagrry's Porridge White Oats Jar 500g</div><div  class="info"><span class="info-label">I </span>ProductPrice is : ₹132</div><div  class="info"><span class="info-label">I </span>ProductName is : Bagrry's Porridge White Oats Pouch 200 Gm (pack Of 3)</div><div  class="info"><span class="info-label">I </span>ProductPrice is : ₹135</div><div  class="info"><span class="info-label">I </span>ProductName is : Bagrry's Oat Bran 200g (pack Of 2)</div><div  class="info"><span class="info-label">I </span>ProductPrice is : ₹160</div><div  class="pass"><span class="pass-label">P </span>
Expected: a string containing "Bagrry's Porridge White Oats Jar 500g"
     Actual: was "Bagrry's Porridge White Oats Jar 500g" <a href="../img/stepsFlow_85h6ry3zz6j411282.png" target="_blank">[View Screenshot]</a> </div></div>]]>
    </line>
  </reporter-output>
  <suite name="Suite" duration-ms="92593" started-at="2018-01-23T08:56:58Z" finished-at="2018-01-23T08:58:31Z">
    <groups>
    </groups>
    <test name="Test" duration-ms="92593" started-at="2018-01-23T08:56:58Z" finished-at="2018-01-23T08:58:31Z">
      <class name="com.shopclues.steps.ShopCluesTest">
        <test-method status="PASS" signature="stepsFlow()[pri:0, instance:com.shopclues.steps.ShopCluesTest@1787bc24]" name="stepsFlow" duration-ms="92362" started-at="2018-01-23T14:26:58Z" finished-at="2018-01-23T14:28:31Z">
          <reporter-output>
            <line>
              <![CDATA[<div style="display:block;margin-left:10px;"><div  class="pass"><span class="pass-label">P </span>
Expected: a string containing "What are you looking for?"
     Actual: was "What are you looking for?" <a href="../img/stepsFlow_1uckhvr89gtst11278.png" target="_blank">[View Screenshot]</a> </div><div  class="pass"><span class="pass-label">P </span>
Expected: a string containing "oats in Breakfast & Diet Foods"
     Actual: was "oats in Breakfast & Diet Foods" <a href="../img/stepsFlow_69jgnh7spiwl11279.png" target="_blank">[View Screenshot]</a> </div><div  class="pass"><span class="pass-label">P </span>
Expected: &lt;true&gt;
     Actual: was &lt;true&gt; <a href="../img/stepsFlow_1elg1cd1wggts11280.png" target="_blank">[View Screenshot]</a> </div><div  class="pass"><span class="pass-label">P </span>
Expected: a value greater than &lt;0&gt;
     Actual: &lt;4&gt; was greater than &lt;0&gt; <a href="../img/stepsFlow_wtqipia6in1b11281.png" target="_blank">[View Screenshot]</a> </div><div  class="info"><span class="info-label">I </span>ProductName is : Bagrry's Porridge Oats For Poha Pouch 200g (pack Of 2)</div><div  class="info"><span class="info-label">I </span>ProductPrice is : ₹100</div><div  class="info"><span class="info-label">I </span>ProductName is : Bagrry's Porridge White Oats Jar 500g</div><div  class="info"><span class="info-label">I </span>ProductPrice is : ₹132</div><div  class="info"><span class="info-label">I </span>ProductName is : Bagrry's Porridge White Oats Pouch 200 Gm (pack Of 3)</div><div  class="info"><span class="info-label">I </span>ProductPrice is : ₹135</div><div  class="info"><span class="info-label">I </span>ProductName is : Bagrry's Oat Bran 200g (pack Of 2)</div><div  class="info"><span class="info-label">I </span>ProductPrice is : ₹160</div><div  class="pass"><span class="pass-label">P </span>
Expected: a string containing "Bagrry's Porridge White Oats Jar 500g"
     Actual: was "Bagrry's Porridge White Oats Jar 500g" <a href="../img/stepsFlow_85h6ry3zz6j411282.png" target="_blank">[View Screenshot]</a> </div></div>]]>
            </line>
          </reporter-output>
        </test-method> <!-- stepsFlow -->
      </class> <!-- com.shopclues.steps.ShopCluesTest -->
    </test> <!-- Test -->
  </suite> <!-- Suite -->
</testng-results>
